\BOOKMARK [1][-]{section.1}{Linear Equations}{}% 1
\BOOKMARK [2][-]{subsection.1.1}{Fields and Linear Equations}{section.1}% 2
\BOOKMARK [2][-]{subsection.1.2}{Matrices and Elementary Row Operations}{section.1}% 3
\BOOKMARK [2][-]{subsection.1.3}{Row Reduced Echelon Matrices}{section.1}% 4
\BOOKMARK [2][-]{subsection.1.4}{Matrix Multiplication}{section.1}% 5
\BOOKMARK [2][-]{subsection.1.5}{Invertible Matrices}{section.1}% 6
\BOOKMARK [1][-]{section.2}{Vector Spaces}{}% 7
\BOOKMARK [2][-]{subsection.2.1}{Vector Spaces}{section.2}% 8
\BOOKMARK [2][-]{subsection.2.2}{Subspaces}{section.2}% 9
\BOOKMARK [2][-]{subsection.2.3}{Bases and Dimension}{section.2}% 10
\BOOKMARK [2][-]{subsection.2.4}{Coordinates}{section.2}% 11
\BOOKMARK [2][-]{subsection.2.5}{Summary of Row Equivalence}{section.2}% 12
\BOOKMARK [1][-]{section.3}{Linear Transformations}{}% 13
\BOOKMARK [2][-]{subsection.3.1}{Linear Transformations}{section.3}% 14
\BOOKMARK [2][-]{subsection.3.2}{The Algebra of Linear Transformations}{section.3}% 15
\BOOKMARK [2][-]{subsection.3.3}{Isomorphism}{section.3}% 16
\BOOKMARK [2][-]{subsection.3.4}{Representation of Transformations by Matrices}{section.3}% 17
\BOOKMARK [2][-]{subsection.3.5}{Linear Functionals}{section.3}% 18
\BOOKMARK [2][-]{subsection.3.6}{The Double Dual}{section.3}% 19
\BOOKMARK [2][-]{subsection.3.7}{The Transpose of a Linear Transformation}{section.3}% 20
\BOOKMARK [1][-]{section.4}{Polynomials}{}% 21
\BOOKMARK [2][-]{subsection.4.1}{The Algebra of Polynomials}{section.4}% 22
\BOOKMARK [2][-]{subsection.4.2}{Lagrange Interpolation}{section.4}% 23
\BOOKMARK [2][-]{subsection.4.3}{Polynomial Ideals}{section.4}% 24
\BOOKMARK [1][-]{section.5}{Determinants}{}% 25
\BOOKMARK [1][-]{section.6}{Elementary Canonical Forms}{}% 26
\BOOKMARK [2][-]{subsection.6.1}{Characteristic Values}{section.6}% 27
\BOOKMARK [2][-]{subsection.6.2}{Annihilating Polynomials}{section.6}% 28
\BOOKMARK [2][-]{subsection.6.3}{Invariant Subspaces}{section.6}% 29
\BOOKMARK [2][-]{subsection.6.4}{Simultaneous Triangulation; Simultaneous Diagonalization}{section.6}% 30
\BOOKMARK [2][-]{subsection.6.5}{Direct Sum Decomposition}{section.6}% 31
\BOOKMARK [2][-]{subsection.6.6}{Invariant Direct Sums}{section.6}% 32
\BOOKMARK [1][-]{section.7}{The Rational and Jordan Forms}{}% 33
\BOOKMARK [2][-]{subsection.7.1}{Cyclic Decompositions and the Rational Form}{section.7}% 34
\BOOKMARK [2][-]{subsection.7.2}{The Jordan Form}{section.7}% 35
\BOOKMARK [2][-]{subsection.7.3}{Computation of Invariant Factors}{section.7}% 36
\BOOKMARK [1][-]{section.8}{Inner Product Spaces}{}% 37
\BOOKMARK [2][-]{subsection.8.1}{Inner Products}{section.8}% 38
